2025-10-18 17:19:53 - system - INFO - æ³¨å†Œäº‹ä»¶å¤„ç†å™¨: OrderStatusHandler
2025-10-18 17:19:53 - system - INFO - æ³¨å†Œäº‹ä»¶å¤„ç†å™¨: UserStatusHandler
2025-10-18 17:19:53 - system - INFO - æ³¨å†Œäº‹ä»¶å¤„ç†å™¨: GroupStatusHandler
2025-10-18 17:19:53 - system - INFO - å¼€å§‹åˆå§‹åŒ–è®¢å•ç›‘æ§ç³»ç»Ÿ...
2025-10-18 17:19:53 - system - INFO - æµ‹è¯•æ•°æ®åº“è¿æ¥...
2025-10-18 17:19:53 - system - INFO - æ•°æ®åº“è¿æ¥æµ‹è¯•æˆåŠŸ
2025-10-18 17:19:53 - system - INFO - æµ‹è¯•Redisè¿æ¥...
2025-10-18 17:19:55 - system - INFO - Redisè¿æ¥æµ‹è¯•æˆåŠŸ
2025-10-18 17:19:55 - system - INFO - åˆå§‹åŒ–ç›‘æ§å¼•æ“...
2025-10-18 17:19:55 - system - INFO - åˆå§‹åŒ–æ—¥å¿—æ¸…ç†è°ƒåº¦å™¨...
2025-10-18 17:19:55 - system - INFO - åˆ·æ–°çŠ¶æ€ç¼“å­˜...
2025-10-18 17:19:55 - system - INFO - å¼ºåˆ¶åˆ·æ–°çŠ¶æ€ç¼“å­˜
2025-10-18 17:19:55 - system - INFO - ç¼“å­˜åˆ·æ–°å®Œæˆ: 3ä¸ªç”¨æˆ·, 4ä¸ªåˆ†ç»„
2025-10-18 17:19:55 - system - INFO - ç³»ç»Ÿåˆå§‹åŒ–å®Œæˆ
2025-10-18 17:19:55 - system - INFO - å¯åŠ¨è®¢å•ç›‘æ§ç³»ç»Ÿ...
2025-10-18 17:19:55 - system - INFO - ç³»ç»Ÿç›‘æ§å¼€å§‹
2025-10-18 17:19:55 - system - INFO - å¯åŠ¨çŠ¶æ€ç›‘æ§å™¨...
2025-10-18 17:19:55 - system - INFO - çŠ¶æ€ç›‘æ§å™¨å·²å¯åŠ¨
2025-10-18 17:19:55 - system - INFO - å¯åŠ¨äº‹ä»¶ç›‘æ§å™¨...
2025-10-18 17:19:55 - system - INFO - äº‹ä»¶ç›‘æ§å™¨å·²å¯åŠ¨
2025-10-18 17:19:55 - system - INFO - å¯åŠ¨ç›‘æ§å¼•æ“...
2025-10-18 17:19:55 - system - INFO - å¯åŠ¨è®¢å•ç›‘æ§å¼•æ“
2025-10-18 17:19:55 - system - INFO - å¯åŠ¨å·¥ä½œè¿›ç¨‹: worker_0_5ac868e2 (PID: 24988)
2025-10-18 17:19:55 - system - INFO - å¯åŠ¨å·¥ä½œè¿›ç¨‹: worker_1_f6cab0a7 (PID: 27308)
2025-10-18 17:19:55 - system - INFO - å¯åŠ¨å·¥ä½œè¿›ç¨‹: worker_2_2c64b531 (PID: 22572)
2025-10-18 17:19:55 - system - INFO - å¯åŠ¨å·¥ä½œè¿›ç¨‹: worker_3_badf1914 (PID: 34312)
2025-10-18 17:19:55 - system - INFO - ç›‘æ§å¼•æ“å¯åŠ¨å®Œæˆï¼Œå·¥ä½œè¿›ç¨‹æ•°: 4
2025-10-18 17:19:55 - system - INFO - å¯åŠ¨æ—¥å¿—æ¸…ç†è°ƒåº¦å™¨...
2025-10-18 17:19:55 - system - INFO - æ—¥å¿—æ¸…ç†è°ƒåº¦å™¨å·²å¯åŠ¨ï¼Œæ¸…ç†é—´éš”: 24å°æ—¶
2025-10-18 17:19:55 - system - INFO - è®¢å•ç›‘æ§ç³»ç»Ÿå¯åŠ¨æˆåŠŸ
2025-10-18 17:19:55 - system - INFO - ============================================================
2025-10-18 17:19:55 - system - INFO - ç³»ç»ŸçŠ¶æ€æ‘˜è¦:
2025-10-18 17:19:55 - system - INFO - ç›‘æ§å¼•æ“: è¿è¡Œä¸­
2025-10-18 17:19:55 - system - INFO - å·¥ä½œè¿›ç¨‹æ•°: 4
2025-10-18 17:19:55 - system - INFO - æ´»è·ƒè¿›ç¨‹æ•°: 0
2025-10-18 17:19:55 - system - INFO - ç”¨æˆ·çŠ¶æ€ç»Ÿè®¡: {0: 1, 1: 2}
2025-10-18 17:19:55 - system - INFO - åˆ†ç»„çŠ¶æ€ç»Ÿè®¡: {0: 1, 1: 3}
2025-10-18 17:19:55 - system - INFO - ç¼“å­˜ç»Ÿè®¡: {'total_processed': 0, 'total_errors': 0, 'active_workers': 0, 'queue_length': 0, 'last_stats_update': 1760779195}
2025-10-18 17:19:55 - system - INFO - ============================================================
2025-10-18 17:19:55 - system - INFO - ç³»ç»Ÿè¿è¡Œä¸­ï¼ŒæŒ‰ Ctrl+C åœæ­¢...
2025-10-18 17:19:55 - system - INFO - æ³¨å†Œäº‹ä»¶å¤„ç†å™¨: OrderStatusHandler
2025-10-18 17:19:55 - system - INFO - æ³¨å†Œäº‹ä»¶å¤„ç†å™¨: UserStatusHandler
2025-10-18 17:19:55 - system - INFO - æ³¨å†Œäº‹ä»¶å¤„ç†å™¨: GroupStatusHandler
2025-10-18 17:19:55 - system - INFO - ç›‘æ§å·¥ä½œè¿›ç¨‹ worker_0_5ac868e2 å¯åŠ¨
2025-10-18 17:19:55 - system - INFO - æ³¨å†Œäº‹ä»¶å¤„ç†å™¨: OrderStatusHandler
2025-10-18 17:19:55 - system - INFO - æ³¨å†Œäº‹ä»¶å¤„ç†å™¨: UserStatusHandler
2025-10-18 17:19:55 - system - INFO - æ³¨å†Œäº‹ä»¶å¤„ç†å™¨: GroupStatusHandler
2025-10-18 17:19:55 - system - INFO - ç›‘æ§å·¥ä½œè¿›ç¨‹ worker_2_2c64b531 å¯åŠ¨
2025-10-18 17:19:55 - system - INFO - æ³¨å†Œäº‹ä»¶å¤„ç†å™¨: OrderStatusHandler
2025-10-18 17:19:55 - system - INFO - æ³¨å†Œäº‹ä»¶å¤„ç†å™¨: UserStatusHandler
2025-10-18 17:19:55 - system - INFO - æ³¨å†Œäº‹ä»¶å¤„ç†å™¨: GroupStatusHandler
2025-10-18 17:19:55 - system - INFO - ç›‘æ§å·¥ä½œè¿›ç¨‹ worker_1_f6cab0a7 å¯åŠ¨
2025-10-18 17:19:55 - system - INFO - æ³¨å†Œäº‹ä»¶å¤„ç†å™¨: OrderStatusHandler
2025-10-18 17:19:55 - system - INFO - æ³¨å†Œäº‹ä»¶å¤„ç†å™¨: UserStatusHandler
2025-10-18 17:19:55 - system - INFO - æ³¨å†Œäº‹ä»¶å¤„ç†å™¨: GroupStatusHandler
2025-10-18 17:19:55 - system - INFO - ç›‘æ§å·¥ä½œè¿›ç¨‹ worker_3_badf1914 å¯åŠ¨
2025-10-18 17:20:04 - system - INFO - å·¥ä½œè¿›ç¨‹ worker_3_badf1914 æ”¶åˆ°ä¿¡å· 2ï¼Œå‡†å¤‡é€€å‡º
2025-10-18 17:20:04 - system - INFO - å·¥ä½œè¿›ç¨‹ worker_1_f6cab0a7 æ”¶åˆ°ä¿¡å· 2ï¼Œå‡†å¤‡é€€å‡º
2025-10-18 17:20:04 - system - INFO - å·¥ä½œè¿›ç¨‹ worker_0_5ac868e2 æ”¶åˆ°ä¿¡å· 2ï¼Œå‡†å¤‡é€€å‡º
2025-10-18 17:20:04 - system - INFO - æ¥æ”¶åˆ°ä¿¡å· 2, å¼€å§‹ä¼˜é›…å…³é—­...
· 2ï¼Œå‡†å¤‡é€€å‡º
2025-10-18 17:20:04 - system - INFO - åœæ­¢è®¢å•ç›‘æ§ç³»ç»Ÿ...
2025-10-18 17:20:04 - system - INFO - ç³»ç»Ÿç›‘æ§åœæ­¢
2025-10-18 17:20:04 - system - INFO - åœæ­¢ç›‘æ§å¼•æ“...
2025-10-18 17:20:04 - system - INFO - åœæ­¢è®¢å•ç›‘æ§å¼•æ“
2025-10-18 17:20:04 - system - INFO - åœæ­¢å·¥ä½œè¿›ç¨‹: worker_0_5ac868e2 (PID: 24988)
2025-10-18 17:20:04 - system - INFO - åœæ­¢å·¥ä½œè¿›ç¨‹: worker_1_f6cab0a7 (PID: 27308)
2025-10-18 17:20:04 - system - INFO - åœæ­¢å·¥ä½œè¿›ç¨‹: worker_2_2c64b531 (PID: 22572)
2025-10-18 17:20:04 - system - INFO - åœæ­¢å·¥ä½œè¿›ç¨‹: worker_3_badf1914 (PID: 34312)
2025-10-18 17:20:09 - system - INFO - ç›‘æ§å¼•æ“å·²åœæ­¢
2025-10-18 17:20:09 - system - INFO - åœæ­¢äº‹ä»¶ç›‘æ§å™¨...
2025-10-18 17:20:09 - system - INFO - äº‹ä»¶ç›‘æ§å™¨å·²åœæ­¢
2025-10-18 17:20:09 - system - INFO - åœæ­¢çŠ¶æ€ç›‘æ§å™¨...
2025-10-18 17:20:10 - system - INFO - çŠ¶æ€ç›‘æ§å™¨å·²åœæ­¢
2025-10-18 17:20:10 - system - INFO - åœæ­¢æ—¥å¿—æ¸…ç†è°ƒåº¦å™¨...
2025-10-18 17:20:10 - system - INFO - æ—¥å¿—æ¸…ç†è°ƒåº¦å™¨å·²åœæ­¢
2025-10-18 17:20:10 - system - INFO - å…³é—­æ•°æ®åº“è¿æ¥æ± ...
2025-10-18 17:20:10 - system - INFO - å…³é—­Redisè¿æ¥æ± ...
2025-10-18 17:20:10 - system - INFO - è®¢å•ç›‘æ§ç³»ç»Ÿå·²åœæ­¢
2025-10-18 17:44:32 - system - INFO - ==================================================
2025-10-18 17:44:32 - system - INFO - ç”¨æˆ·è®¢å•ç®¡ç†å™¨æµ‹è¯•å¼€å§‹
2025-10-18 17:44:32 - system - INFO - ==================================================
2025-10-18 17:44:32 - system - INFO - å¼€å§‹æµ‹è¯•ç”¨æˆ·è®¢å•ç®¡ç†å™¨
2025-10-18 17:44:32 - system - INFO - æµ‹è¯•è·å–æ´»è·ƒç”¨æˆ·...
2025-10-18 17:44:32 - system - ERROR - æµ‹è¯•è¿‡ç¨‹ä¸­å‘ç”Ÿé”™è¯¯: 'UserOrderManager' object has no attribute 'get_active_users'
2025-10-18 17:44:32 - system - ERROR - Traceback (most recent call last):
  File "test_user_order_manager.py", line 138, in <module>
    test_user_order_manager()
  File "test_user_order_manager.py", line 32, in test_user_order_manager
    active_users = manager.get_active_users()
AttributeError: 'UserOrderManager' object has no attribute 'get_active_users'

2025-10-18 17:45:49 - system - INFO - ==================================================
2025-10-18 17:45:49 - system - INFO - ç”¨æˆ·è®¢å•ç®¡ç†å™¨æµ‹è¯•å¼€å§‹
2025-10-18 17:45:49 - system - INFO - ==================================================
2025-10-18 17:45:49 - system - INFO - å¼€å§‹æµ‹è¯•ç”¨æˆ·è®¢å•ç®¡ç†å™¨
2025-10-18 17:45:49 - system - INFO - æµ‹è¯•è·å–æ´»è·ƒç”¨æˆ·...
2025-10-18 17:45:49 - system - INFO - æ´»è·ƒç”¨æˆ·æ•°é‡: 0
2025-10-18 17:45:49 - system - WARNING - æ²¡æœ‰æ´»è·ƒç”¨æˆ·ï¼Œæ— æ³•è¿›è¡Œè®¢å•æµ‹è¯•
2025-10-18 17:45:49 - system - INFO - ------------------------------
2025-10-18 17:45:49 - system - INFO - å¼€å§‹æµ‹è¯•å¹¶å‘å¤„ç†
2025-10-18 17:45:49 - system - INFO - å·¥ä½œè¿›ç¨‹ test_worker_1 æ²¡æœ‰è·å–åˆ°è®¢å•
2025-10-18 17:45:49 - system - INFO - å·¥ä½œè¿›ç¨‹ test_worker_2 æ²¡æœ‰è·å–åˆ°è®¢å•
2025-10-18 17:45:49 - system - INFO - å·¥ä½œè¿›ç¨‹ test_worker_3 æ²¡æœ‰è·å–åˆ°è®¢å•
2025-10-18 17:45:49 - system - INFO - å·¥ä½œè¿›ç¨‹ test_worker_2 æ²¡æœ‰è·å–åˆ°è®¢å•
2025-10-18 17:45:49 - system - INFO - å·¥ä½œè¿›ç¨‹ test_worker_3 æ²¡æœ‰è·å–åˆ°è®¢å•
2025-10-18 17:45:49 - system - INFO - å·¥ä½œè¿›ç¨‹ test_worker_1 æ²¡æœ‰è·å–åˆ°è®¢å•
2025-10-18 17:45:49 - system - INFO - å·¥ä½œè¿›ç¨‹ test_worker_3 æ²¡æœ‰è·å–åˆ°è®¢å•
2025-10-18 17:45:49 - system - INFO - å·¥ä½œè¿›ç¨‹ test_worker_2 æ²¡æœ‰è·å–åˆ°è®¢å•
2025-10-18 17:45:49 - system - INFO - å·¥ä½œè¿›ç¨‹ test_worker_1 æ²¡æœ‰è·å–åˆ°è®¢å•
2025-10-18 17:45:49 - system - INFO - å·¥ä½œè¿›ç¨‹ test_worker_1 æ²¡æœ‰è·å–åˆ°è®¢å•
2025-10-18 17:45:49 - system - INFO - å·¥ä½œè¿›ç¨‹ test_worker_3 æ²¡æœ‰è·å–åˆ°è®¢å•
2025-10-18 17:45:49 - system - INFO - å·¥ä½œè¿›ç¨‹ test_worker_2 æ²¡æœ‰è·å–åˆ°è®¢å•
2025-10-18 17:45:49 - system - INFO - å·¥ä½œè¿›ç¨‹ test_worker_2 æ²¡æœ‰è·å–åˆ°è®¢å•
2025-10-18 17:45:49 - system - INFO - å·¥ä½œè¿›ç¨‹ test_worker_1 æ²¡æœ‰è·å–åˆ°è®¢å•
2025-10-18 17:45:49 - system - INFO - å·¥ä½œè¿›ç¨‹ test_worker_3 æ²¡æœ‰è·å–åˆ°è®¢å•
2025-10-18 17:45:49 - system - INFO - å¹¶å‘æµ‹è¯•å®Œæˆ
2025-10-18 17:45:49 - system - INFO - å·¥ä½œè¿›ç¨‹ test_worker_1 å¤„ç†çš„ç”¨æˆ·: []
2025-10-18 17:45:49 - system - INFO - å·¥ä½œè¿›ç¨‹ test_worker_2 å¤„ç†çš„ç”¨æˆ·: []
2025-10-18 17:45:49 - system - INFO - å·¥ä½œè¿›ç¨‹ test_worker_3 å¤„ç†çš„ç”¨æˆ·: []
2025-10-18 17:45:49 - system - INFO - ------------------------------
2025-10-18 17:45:49 - system - INFO - å¼€å§‹æµ‹è¯•ç”¨æˆ·å¤„ç†å…¬å¹³æ€§
2025-10-18 17:45:49 - system - INFO - ç”¨æˆ·å¤„ç†æ¬¡æ•°ç»Ÿè®¡:
2025-10-18 17:45:49 - system - INFO - ==================================================
2025-10-18 17:45:49 - system - INFO - ç”¨æˆ·è®¢å•ç®¡ç†å™¨æµ‹è¯•å®Œæˆ
2025-10-18 17:45:49 - system - INFO - ==================================================
2025-10-18 17:46:10 - system - INFO - æ³¨å†Œäº‹ä»¶å¤„ç†å™¨: OrderStatusHandler
2025-10-18 17:46:10 - system - INFO - æ³¨å†Œäº‹ä»¶å¤„ç†å™¨: UserStatusHandler
2025-10-18 17:46:10 - system - INFO - æ³¨å†Œäº‹ä»¶å¤„ç†å™¨: GroupStatusHandler
2025-10-18 17:46:10 - system - INFO - å¼€å§‹åˆå§‹åŒ–è®¢å•ç›‘æ§ç³»ç»Ÿ...
2025-10-18 17:46:10 - system - INFO - æµ‹è¯•æ•°æ®åº“è¿æ¥...
2025-10-18 17:46:10 - system - INFO - æ•°æ®åº“è¿æ¥æµ‹è¯•æˆåŠŸ
2025-10-18 17:46:10 - system - INFO - æµ‹è¯•Redisè¿æ¥...
2025-10-18 17:46:12 - system - INFO - Redisè¿æ¥æµ‹è¯•æˆåŠŸ
2025-10-18 17:46:12 - system - INFO - åˆå§‹åŒ–ç›‘æ§å¼•æ“...
2025-10-18 17:46:12 - system - INFO - åˆå§‹åŒ–æ—¥å¿—æ¸…ç†è°ƒåº¦å™¨...
2025-10-18 17:46:12 - system - INFO - åˆ·æ–°çŠ¶æ€ç¼“å­˜...
2025-10-18 17:46:12 - system - INFO - å¼ºåˆ¶åˆ·æ–°çŠ¶æ€ç¼“å­˜
2025-10-18 17:46:12 - system - INFO - ç¼“å­˜åˆ·æ–°å®Œæˆ: 3ä¸ªç”¨æˆ·, 4ä¸ªåˆ†ç»„
2025-10-18 17:46:12 - system - INFO - ç³»ç»Ÿåˆå§‹åŒ–å®Œæˆ
2025-10-18 17:46:12 - system - INFO - å¯åŠ¨è®¢å•ç›‘æ§ç³»ç»Ÿ...
2025-10-18 17:46:12 - system - INFO - ç³»ç»Ÿç›‘æ§å¼€å§‹
2025-10-18 17:46:12 - system - INFO - å¯åŠ¨çŠ¶æ€ç›‘æ§å™¨...
2025-10-18 17:46:12 - system - INFO - çŠ¶æ€ç›‘æ§å™¨å·²å¯åŠ¨
2025-10-18 17:46:12 - system - INFO - å¯åŠ¨äº‹ä»¶ç›‘æ§å™¨...
2025-10-18 17:46:12 - system - INFO - äº‹ä»¶ç›‘æ§å™¨å·²å¯åŠ¨
2025-10-18 17:46:12 - system - INFO - å¯åŠ¨ç›‘æ§å¼•æ“...
2025-10-18 17:46:12 - system - INFO - å¯åŠ¨è®¢å•ç›‘æ§å¼•æ“
2025-10-18 17:46:12 - system - INFO - å¯åŠ¨å·¥ä½œè¿›ç¨‹: worker_0_cf9746c5 (PID: 30824)
2025-10-18 17:46:12 - system - INFO - å¯åŠ¨å·¥ä½œè¿›ç¨‹: worker_1_6730a277 (PID: 16232)
2025-10-18 17:46:12 - system - INFO - å¯åŠ¨å·¥ä½œè¿›ç¨‹: worker_2_523e8b15 (PID: 35752)
2025-10-18 17:46:12 - system - INFO - å¯åŠ¨å·¥ä½œè¿›ç¨‹: worker_3_2d965a62 (PID: 17896)
2025-10-18 17:46:12 - system - INFO - ç›‘æ§å¼•æ“å¯åŠ¨å®Œæˆï¼Œå·¥ä½œè¿›ç¨‹æ•°: 4
2025-10-18 17:46:12 - system - INFO - å¯åŠ¨æ—¥å¿—æ¸…ç†è°ƒåº¦å™¨...
2025-10-18 17:46:12 - system - INFO - æ—¥å¿—æ¸…ç†è°ƒåº¦å™¨å·²å¯åŠ¨ï¼Œæ¸…ç†é—´éš”: 24å°æ—¶
2025-10-18 17:46:12 - system - INFO - è®¢å•ç›‘æ§ç³»ç»Ÿå¯åŠ¨æˆåŠŸ
2025-10-18 17:46:12 - system - INFO - ============================================================
2025-10-18 17:46:12 - system - INFO - ç³»ç»ŸçŠ¶æ€æ‘˜è¦:
2025-10-18 17:46:12 - system - INFO - ç›‘æ§å¼•æ“: è¿è¡Œä¸­
2025-10-18 17:46:12 - system - INFO - å·¥ä½œè¿›ç¨‹æ•°: 4
2025-10-18 17:46:12 - system - INFO - æ´»è·ƒè¿›ç¨‹æ•°: 0
2025-10-18 17:46:12 - system - INFO - ç”¨æˆ·çŠ¶æ€ç»Ÿè®¡: {0: 1, 1: 2}
2025-10-18 17:46:12 - system - INFO - åˆ†ç»„çŠ¶æ€ç»Ÿè®¡: {0: 1, 1: 3}
2025-10-18 17:46:12 - system - INFO - ç¼“å­˜ç»Ÿè®¡: {'total_processed': 0, 'total_errors': 0, 'active_workers': 0, 'queue_length': 0, 'last_stats_update': 1760780772}
2025-10-18 17:46:12 - system - INFO - ============================================================
2025-10-18 17:46:12 - system - INFO - ç³»ç»Ÿè¿è¡Œä¸­ï¼ŒæŒ‰ Ctrl+C åœæ­¢...
2025-10-18 17:46:12 - system - INFO - æ³¨å†Œäº‹ä»¶å¤„ç†å™¨: OrderStatusHandler
2025-10-18 17:46:12 - system - INFO - æ³¨å†Œäº‹ä»¶å¤„ç†å™¨: UserStatusHandler
2025-10-18 17:46:12 - system - INFO - æ³¨å†Œäº‹ä»¶å¤„ç†å™¨: GroupStatusHandler
2025-10-18 17:46:12 - system - INFO - ç›‘æ§å·¥ä½œè¿›ç¨‹ worker_0_cf9746c5 å¯åŠ¨
2025-10-18 17:46:12 - system - INFO - æ³¨å†Œäº‹ä»¶å¤„ç†å™¨: OrderStatusHandler
2025-10-18 17:46:12 - system - INFO - æ³¨å†Œäº‹ä»¶å¤„ç†å™¨: UserStatusHandler
2025-10-18 17:46:12 - system - INFO - æ³¨å†Œäº‹ä»¶å¤„ç†å™¨: GroupStatusHandler
2025-10-18 17:46:12 - system - INFO - ç›‘æ§å·¥ä½œè¿›ç¨‹ worker_1_6730a277 å¯åŠ¨
2025-10-18 17:46:12 - system - INFO - æ³¨å†Œäº‹ä»¶å¤„ç†å™¨: OrderStatusHandler
2025-10-18 17:46:12 - system - INFO - æ³¨å†Œäº‹ä»¶å¤„ç†å™¨: UserStatusHandler
2025-10-18 17:46:12 - system - INFO - æ³¨å†Œäº‹ä»¶å¤„ç†å™¨: GroupStatusHandler
2025-10-18 17:46:12 - system - INFO - ç›‘æ§å·¥ä½œè¿›ç¨‹ worker_2_523e8b15 å¯åŠ¨
2025-10-18 17:46:12 - system - INFO - æ³¨å†Œäº‹ä»¶å¤„ç†å™¨: OrderStatusHandler
2025-10-18 17:46:12 - system - INFO - æ³¨å†Œäº‹ä»¶å¤„ç†å™¨: UserStatusHandler
2025-10-18 17:46:12 - system - INFO - æ³¨å†Œäº‹ä»¶å¤„ç†å™¨: GroupStatusHandler
2025-10-18 17:46:12 - system - INFO - ç›‘æ§å·¥ä½œè¿›ç¨‹ worker_3_2d965a62 å¯åŠ¨
2025-10-18 17:46:42 - system - ERROR - ç›‘æ§å¾ªç¯å¼‚å¸¸: 'NoneType' object has no attribute 'time'
2025-10-18 17:46:42 - system - ERROR - ç›‘æ§å¾ªç¯å¼‚å¸¸: 'NoneType' object has no attribute 'time'
2025-10-18 17:46:42 - system - ERROR - ç›‘æ§å¾ªç¯å¼‚å¸¸: 'NoneType' object has no attribute 'time'
2025-10-18 17:46:42 - system - ERROR - ç›‘æ§å¾ªç¯å¼‚å¸¸: 'NoneType' object has no attribute 'time'
2025-10-18 17:46:43 - system - ERROR - ç›‘æ§å¾ªç¯å¼‚å¸¸: 'NoneType' object has no attribute 'time'
2025-10-18 17:46:43 - system - ERROR - ç›‘æ§å¾ªç¯å¼‚å¸¸: 'NoneType' object has no attribute 'time'
2025-10-18 17:46:43 - system - ERROR - ç›‘æ§å¾ªç¯å¼‚å¸¸: 'NoneType' object has no attribute 'time'
2025-10-18 17:46:43 - system - ERROR - ç›‘æ§å¾ªç¯å¼‚å¸¸: 'NoneType' object has no attribute 'time'
2025-10-18 17:46:44 - system - ERROR - ç›‘æ§å¾ªç¯å¼‚å¸¸: 'NoneType' object has no attribute 'time'
2025-10-18 17:46:44 - system - ERROR - ç›‘æ§å¾ªç¯å¼‚å¸¸: 'NoneType' object has no attribute 'time'
2025-10-18 17:46:44 - system - ERROR - ç›‘æ§å¾ªç¯å¼‚å¸¸: 'NoneType' object has no attribute 'time'
2025-10-18 17:46:44 - system - ERROR - ç›‘æ§å¾ªç¯å¼‚å¸¸: 'NoneType' object has no attribute 'time'
2025-10-18 17:46:45 - system - ERROR - ç›‘æ§å¾ªç¯å¼‚å¸¸: 'NoneType' object has no attribute 'time'
2025-10-18 17:46:45 - system - ERROR - ç›‘æ§å¾ªç¯å¼‚å¸¸: 'NoneType' object has no attribute 'time'
2025-10-18 17:46:45 - system - ERROR - ç›‘æ§å¾ªç¯å¼‚å¸¸: 'NoneType' object has no attribute 'time'
2025-10-18 17:46:45 - system - ERROR - ç›‘æ§å¾ªç¯å¼‚å¸¸: 'NoneType' object has no attribute 'time'
2025-10-18 17:46:46 - system - ERROR - ç›‘æ§å¾ªç¯å¼‚å¸¸: 'NoneType' object has no attribute 'time'
2025-10-18 17:46:46 - system - ERROR - ç›‘æ§å¾ªç¯å¼‚å¸¸: 'NoneType' object has no attribute 'time'
2025-10-18 17:46:46 - system - ERROR - ç›‘æ§å¾ªç¯å¼‚å¸¸: 'NoneType' object has no attribute 'time'
2025-10-18 17:46:46 - system - ERROR - ç›‘æ§å¾ªç¯å¼‚å¸¸: 'NoneType' object has no attribute 'time'
2025-10-18 17:46:47 - system - ERROR - ç›‘æ§å¾ªç¯å¼‚å¸¸: 'NoneType' object has no attribute 'time'
2025-10-18 17:46:47 - system - ERROR - ç›‘æ§å¾ªç¯å¼‚å¸¸: 'NoneType' object has no attribute 'time'
2025-10-18 17:46:47 - system - ERROR - ç›‘æ§å¾ªç¯å¼‚å¸¸: 'NoneType' object has no attribute 'time'
2025-10-18 17:46:47 - system - ERROR - ç›‘æ§å¾ªç¯å¼‚å¸¸: 'NoneType' object has no attribute 'time'
2025-10-18 17:46:48 - system - ERROR - ç›‘æ§å¾ªç¯å¼‚å¸¸: 'NoneType' object has no attribute 'time'
2025-10-18 17:46:48 - system - ERROR - ç›‘æ§å¾ªç¯å¼‚å¸¸: 'NoneType' object has no attribute 'time'
2025-10-18 17:46:48 - system - ERROR - ç›‘æ§å¾ªç¯å¼‚å¸¸: 'NoneType' object has no attribute 'time'
2025-10-18 17:46:48 - system - ERROR - ç›‘æ§å¾ªç¯å¼‚å¸¸: 'NoneType' object has no attribute 'time'
2025-10-18 17:46:49 - system - ERROR - ç›‘æ§å¾ªç¯å¼‚å¸¸: 'NoneType' object has no attribute 'time'
2025-10-18 17:46:49 - system - ERROR - ç›‘æ§å¾ªç¯å¼‚å¸¸: 'NoneType' object has no attribute 'time'
2025-10-18 17:46:49 - system - ERROR - ç›‘æ§å¾ªç¯å¼‚å¸¸: 'NoneType' object has no attribute 'time'
2025-10-18 17:46:49 - system - ERROR - ç›‘æ§å¾ªç¯å¼‚å¸¸: 'NoneType' object has no attribute 'time'
2025-10-18 17:46:50 - system - ERROR - ç›‘æ§å¾ªç¯å¼‚å¸¸: 'NoneType' object has no attribute 'time'
2025-10-18 17:46:50 - system - ERROR - ç›‘æ§å¾ªç¯å¼‚å¸¸: 'NoneType' object has no attribute 'time'
2025-10-18 17:46:50 - system - ERROR - ç›‘æ§å¾ªç¯å¼‚å¸¸: 'NoneType' object has no attribute 'time'
2025-10-18 17:46:50 - system - ERROR - ç›‘æ§å¾ªç¯å¼‚å¸¸: 'NoneType' object has no attribute 'time'
2025-10-18 17:46:51 - system - ERROR - ç›‘æ§å¾ªç¯å¼‚å¸¸: 'NoneType' object has no attribute 'time'
2025-10-18 17:46:51 - system - ERROR - ç›‘æ§å¾ªç¯å¼‚å¸¸: 'NoneType' object has no attribute 'time'
2025-10-18 17:46:51 - system - ERROR - ç›‘æ§å¾ªç¯å¼‚å¸¸: 'NoneType' object has no attribute 'time'
2025-10-18 17:46:51 - system - ERROR - ç›‘æ§å¾ªç¯å¼‚å¸¸: 'NoneType' object has no attribute 'time'
2025-10-18 17:46:52 - system - ERROR - ç›‘æ§å¾ªç¯å¼‚å¸¸: 'NoneType' object has no attribute 'time'
2025-10-18 17:46:52 - system - ERROR - ç›‘æ§å¾ªç¯å¼‚å¸¸: 'NoneType' object has no attribute 'time'
2025-10-18 17:46:52 - system - ERROR - ç›‘æ§å¾ªç¯å¼‚å¸¸: 'NoneType' object has no attribute 'time'
2025-10-18 17:46:52 - system - ERROR - ç›‘æ§å¾ªç¯å¼‚å¸¸: 'NoneType' object has no attribute 'time'
2025-10-18 17:46:53 - system - ERROR - ç›‘æ§å¾ªç¯å¼‚å¸¸: 'NoneType' object has no attribute 'time'
2025-10-18 17:46:53 - system - ERROR - ç›‘æ§å¾ªç¯å¼‚å¸¸: 'NoneType' object has no attribute 'time'
2025-10-18 17:46:53 - system - ERROR - ç›‘æ§å¾ªç¯å¼‚å¸¸: 'NoneType' object has no attribute 'time'
2025-10-18 17:46:53 - system - ERROR - ç›‘æ§å¾ªç¯å¼‚å¸¸: 'NoneType' object has no attribute 'time'
2025-10-18 17:46:54 - system - ERROR - ç›‘æ§å¾ªç¯å¼‚å¸¸: 'NoneType' object has no attribute 'time'
2025-10-18 17:46:54 - system - ERROR - ç›‘æ§å¾ªç¯å¼‚å¸¸: 'NoneType' object has no attribute 'time'
2025-10-18 17:46:54 - system - ERROR - ç›‘æ§å¾ªç¯å¼‚å¸¸: 'NoneType' object has no attribute 'time'
2025-10-18 17:46:54 - system - ERROR - ç›‘æ§å¾ªç¯å¼‚å¸¸: 'NoneType' object has no attribute 'time'
2025-10-18 17:46:55 - system - ERROR - ç›‘æ§å¾ªç¯å¼‚å¸¸: 'NoneType' object has no attribute 'time'
2025-10-18 17:46:55 - system - ERROR - ç›‘æ§å¾ªç¯å¼‚å¸¸: 'NoneType' object has no attribute 'time'
2025-10-18 17:46:55 - system - ERROR - ç›‘æ§å¾ªç¯å¼‚å¸¸: 'NoneType' object has no attribute 'time'
2025-10-18 17:46:55 - system - ERROR - ç›‘æ§å¾ªç¯å¼‚å¸¸: 'NoneType' object has no attribute 'time'
2025-10-18 17:46:56 - system - ERROR - ç›‘æ§å¾ªç¯å¼‚å¸¸: 'NoneType' object has no attribute 'time'
2025-10-18 17:46:56 - system - ERROR - ç›‘æ§å¾ªç¯å¼‚å¸¸: 'NoneType' object has no attribute 'time'
2025-10-18 17:46:56 - system - ERROR - ç›‘æ§å¾ªç¯å¼‚å¸¸: 'NoneType' object has no attribute 'time'
2025-10-18 17:46:56 - system - ERROR - ç›‘æ§å¾ªç¯å¼‚å¸¸: 'NoneType' object has no attribute 'time'
2025-10-18 17:46:57 - system - ERROR - ç›‘æ§å¾ªç¯å¼‚å¸¸: 'NoneType' object has no attribute 'time'
2025-10-18 17:46:57 - system - ERROR - ç›‘æ§å¾ªç¯å¼‚å¸¸: 'NoneType' object has no attribute 'time'
2025-10-18 17:46:57 - system - ERROR - ç›‘æ§å¾ªç¯å¼‚å¸¸: 'NoneType' object has no attribute 'time'
2025-10-18 17:46:57 - system - ERROR - ç›‘æ§å¾ªç¯å¼‚å¸¸: 'NoneType' object has no attribute 'time'
2025-10-18 17:46:58 - system - ERROR - ç›‘æ§å¾ªç¯å¼‚å¸¸: 'NoneType' object has no attribute 'time'
2025-10-18 17:46:58 - system - ERROR - ç›‘æ§å¾ªç¯å¼‚å¸¸: 'NoneType' object has no attribute 'time'
2025-10-18 17:46:58 - system - ERROR - ç›‘æ§å¾ªç¯å¼‚å¸¸: 'NoneType' object has no attribute 'time'
2025-10-18 17:46:58 - system - ERROR - ç›‘æ§å¾ªç¯å¼‚å¸¸: 'NoneType' object has no attribute 'time'
2025-10-18 17:46:59 - system - ERROR - ç›‘æ§å¾ªç¯å¼‚å¸¸: 'NoneType' object has no attribute 'time'
2025-10-18 17:46:59 - system - ERROR - ç›‘æ§å¾ªç¯å¼‚å¸¸: 'NoneType' object has no attribute 'time'
2025-10-18 17:46:59 - system - ERROR - ç›‘æ§å¾ªç¯å¼‚å¸¸: 'NoneType' object has no attribute 'time'
2025-10-18 17:46:59 - system - ERROR - ç›‘æ§å¾ªç¯å¼‚å¸¸: 'NoneType' object has no attribute 'time'
2025-10-18 17:47:00 - system - ERROR - ç›‘æ§å¾ªç¯å¼‚å¸¸: 'NoneType' object has no attribute 'time'
2025-10-18 17:47:00 - system - ERROR - ç›‘æ§å¾ªç¯å¼‚å¸¸: 'NoneType' object has no attribute 'time'
2025-10-18 17:47:00 - system - ERROR - ç›‘æ§å¾ªç¯å¼‚å¸¸: 'NoneType' object has no attribute 'time'
2025-10-18 17:47:01 - system - ERROR - ç›‘æ§å¾ªç¯å¼‚å¸¸: 'NoneType' object has no attribute 'time'
2025-10-18 17:47:01 - system - ERROR - ç›‘æ§å¾ªç¯å¼‚å¸¸: 'NoneType' object has no attribute 'time'
2025-10-18 17:47:02 - system - ERROR - ç›‘æ§å¾ªç¯å¼‚å¸¸: 'NoneType' object has no attribute 'time'
2025-10-18 17:47:02 - system - ERROR - ç›‘æ§å¾ªç¯å¼‚å¸¸: 'NoneType' object has no attribute 'time'
2025-10-18 17:47:02 - system - ERROR - ç›‘æ§å¾ªç¯å¼‚å¸¸: 'NoneType' object has no attribute 'time'
2025-10-18 17:47:02 - system - ERROR - ç›‘æ§å¾ªç¯å¼‚å¸¸: 'NoneType' object has no attribute 'time'
2025-10-18 17:47:03 - system - ERROR - ç›‘æ§å¾ªç¯å¼‚å¸¸: 'NoneType' object has no attribute 'time'
2025-10-18 17:47:03 - system - ERROR - ç›‘æ§å¾ªç¯å¼‚å¸¸: 'NoneType' object has no attribute 'time'
2025-10-18 17:47:03 - system - ERROR - ç›‘æ§å¾ªç¯å¼‚å¸¸: 'NoneType' object has no attribute 'time'
2025-10-18 17:47:03 - system - ERROR - ç›‘æ§å¾ªç¯å¼‚å¸¸: 'NoneType' object has no attribute 'time'
2025-10-18 17:47:04 - system - ERROR - ç›‘æ§å¾ªç¯å¼‚å¸¸: 'NoneType' object has no attribute 'time'
2025-10-18 17:47:04 - system - ERROR - ç›‘æ§å¾ªç¯å¼‚å¸¸: 'NoneType' object has no attribute 'time'
2025-10-18 17:47:04 - system - ERROR - ç›‘æ§å¾ªç¯å¼‚å¸¸: 'NoneType' object has no attribute 'time'
2025-10-18 17:47:04 - system - ERROR - ç›‘æ§å¾ªç¯å¼‚å¸¸: 'NoneType' object has no attribute 'time'
2025-10-18 17:47:05 - system - ERROR - ç›‘æ§å¾ªç¯å¼‚å¸¸: 'NoneType' object has no attribute 'time'
2025-10-18 17:47:05 - system - ERROR - ç›‘æ§å¾ªç¯å¼‚å¸¸: 'NoneType' object has no attribute 'time'
2025-10-18 17:47:05 - system - ERROR - ç›‘æ§å¾ªç¯å¼‚å¸¸: 'NoneType' object has no attribute 'time'
2025-10-18 17:47:05 - system - ERROR - ç›‘æ§å¾ªç¯å¼‚å¸¸: 'NoneType' object has no attribute 'time'
2025-10-18 17:47:06 - system - ERROR - ç›‘æ§å¾ªç¯å¼‚å¸¸: 'NoneType' object has no attribute 'time'
2025-10-18 17:47:06 - system - ERROR - ç›‘æ§å¾ªç¯å¼‚å¸¸: 'NoneType' object has no attribute 'time'
2025-10-18 17:47:06 - system - ERROR - ç›‘æ§å¾ªç¯å¼‚å¸¸: 'NoneType' object has no attribute 'time'
2025-10-18 17:47:07 - system - ERROR - ç›‘æ§å¾ªç¯å¼‚å¸¸: 'NoneType' object has no attribute 'time'
2025-10-18 17:47:07 - system - ERROR - ç›‘æ§å¾ªç¯å¼‚å¸¸: 'NoneType' object has no attribute 'time'
2025-10-18 17:47:07 - system - ERROR - ç›‘æ§å¾ªç¯å¼‚å¸¸: 'NoneType' object has no attribute 'time'
2025-10-18 17:47:07 - system - ERROR - ç›‘æ§å¾ªç¯å¼‚å¸¸: 'NoneType' object has no attribute 'time'
2025-10-18 17:47:08 - system - ERROR - ç›‘æ§å¾ªç¯å¼‚å¸¸: 'NoneType' object has no attribute 'time'
2025-10-18 17:47:08 - system - ERROR - ç›‘æ§å¾ªç¯å¼‚å¸¸: 'NoneType' object has no attribute 'time'
2025-10-18 17:47:08 - system - ERROR - ç›‘æ§å¾ªç¯å¼‚å¸¸: 'NoneType' object has no attribute 'time'
2025-10-18 17:47:08 - system - ERROR - ç›‘æ§å¾ªç¯å¼‚å¸¸: 'NoneType' object has no attribute 'time'
2025-10-18 17:47:09 - system - ERROR - ç›‘æ§å¾ªç¯å¼‚å¸¸: 'NoneType' object has no attribute 'time'
2025-10-18 17:47:09 - system - ERROR - ç›‘æ§å¾ªç¯å¼‚å¸¸: 'NoneType' object has no attribute 'time'
2025-10-18 17:47:09 - system - ERROR - ç›‘æ§å¾ªç¯å¼‚å¸¸: 'NoneType' object has no attribute 'time'
2025-10-18 17:47:09 - system - ERROR - ç›‘æ§å¾ªç¯å¼‚å¸¸: 'NoneType' object has no attribute 'time'
2025-10-18 17:47:10 - system - ERROR - ç›‘æ§å¾ªç¯å¼‚å¸¸: 'NoneType' object has no attribute 'time'
2025-10-18 17:47:10 - system - ERROR - ç›‘æ§å¾ªç¯å¼‚å¸¸: 'NoneType' object has no attribute 'time'
2025-10-18 17:47:10 - system - ERROR - ç›‘æ§å¾ªç¯å¼‚å¸¸: 'NoneType' object has no attribute 'time'
2025-10-18 17:47:10 - system - ERROR - ç›‘æ§å¾ªç¯å¼‚å¸¸: 'NoneType' object has no attribute 'time'
2025-10-18 17:47:11 - system - ERROR - ç›‘æ§å¾ªç¯å¼‚å¸¸: 'NoneType' object has no attribute 'time'
2025-10-18 17:47:11 - system - ERROR - ç›‘æ§å¾ªç¯å¼‚å¸¸: 'NoneType' object has no attribute 'time'
2025-10-18 17:47:11 - system - ERROR - ç›‘æ§å¾ªç¯å¼‚å¸¸: 'NoneType' object has no attribute 'time'
2025-10-18 17:47:11 - system - ERROR - ç›‘æ§å¾ªç¯å¼‚å¸¸: 'NoneType' object has no attribute 'time'
2025-10-18 17:47:12 - system - ERROR - ç›‘æ§å¾ªç¯å¼‚å¸¸: 'NoneType' object has no attribute 'time'
2025-10-18 17:47:12 - system - ERROR - ç›‘æ§å¾ªç¯å¼‚å¸¸: 'NoneType' object has no attribute 'time'
2025-10-18 17:47:12 - system - ERROR - ç›‘æ§å¾ªç¯å¼‚å¸¸: 'NoneType' object has no attribute 'time'
2025-10-18 17:47:12 - system - ERROR - ç›‘æ§å¾ªç¯å¼‚å¸¸: 'NoneType' object has no attribute 'time'
2025-10-18 17:47:13 - system - ERROR - ç›‘æ§å¾ªç¯å¼‚å¸¸: 'NoneType' object has no attribute 'time'
2025-10-18 17:47:13 - system - ERROR - ç›‘æ§å¾ªç¯å¼‚å¸¸: 'NoneType' object has no attribute 'time'
2025-10-18 17:47:13 - system - ERROR - ç›‘æ§å¾ªç¯å¼‚å¸¸: 'NoneType' object has no attribute 'time'
2025-10-18 17:47:13 - system - ERROR - ç›‘æ§å¾ªç¯å¼‚å¸¸: 'NoneType' object has no attribute 'time'
2025-10-18 17:47:14 - system - ERROR - ç›‘æ§å¾ªç¯å¼‚å¸¸: 'NoneType' object has no attribute 'time'
2025-10-18 17:47:14 - system - ERROR - ç›‘æ§å¾ªç¯å¼‚å¸¸: 'NoneType' object has no attribute 'time'
2025-10-18 17:47:14 - system - ERROR - ç›‘æ§å¾ªç¯å¼‚å¸¸: 'NoneType' object has no attribute 'time'
2025-10-18 17:47:14 - system - ERROR - ç›‘æ§å¾ªç¯å¼‚å¸¸: 'NoneType' object has no attribute 'time'
2025-10-18 17:47:15 - system - ERROR - ç›‘æ§å¾ªç¯å¼‚å¸¸: 'NoneType' object has no attribute 'time'
2025-10-18 17:47:15 - system - ERROR - ç›‘æ§å¾ªç¯å¼‚å¸¸: 'NoneType' object has no attribute 'time'
2025-10-18 17:47:15 - system - ERROR - ç›‘æ§å¾ªç¯å¼‚å¸¸: 'NoneType' object has no attribute 'time'
2025-10-18 17:47:15 - system - ERROR - ç›‘æ§å¾ªç¯å¼‚å¸¸: 'NoneType' object has no attribute 'time'
2025-10-18 17:47:16 - system - ERROR - ç›‘æ§å¾ªç¯å¼‚å¸¸: 'NoneType' object has no attribute 'time'
2025-10-18 17:47:16 - system - ERROR - ç›‘æ§å¾ªç¯å¼‚å¸¸: 'NoneType' object has no attribute 'time'
2025-10-18 17:47:16 - system - ERROR - ç›‘æ§å¾ªç¯å¼‚å¸¸: 'NoneType' object has no attribute 'time'
2025-10-18 17:47:16 - system - ERROR - ç›‘æ§å¾ªç¯å¼‚å¸¸: 'NoneType' object has no attribute 'time'
2025-10-18 17:47:17 - system - ERROR - ç›‘æ§å¾ªç¯å¼‚å¸¸: 'NoneType' object has no attribute 'time'
2025-10-18 17:47:17 - system - ERROR - ç›‘æ§å¾ªç¯å¼‚å¸¸: 'NoneType' object has no attribute 'time'
2025-10-18 17:47:17 - system - ERROR - ç›‘æ§å¾ªç¯å¼‚å¸¸: 'NoneType' object has no attribute 'time'
2025-10-18 17:47:17 - system - ERROR - ç›‘æ§å¾ªç¯å¼‚å¸¸: 'NoneType' object has no attribute 'time'
2025-10-18 17:47:18 - system - ERROR - ç›‘æ§å¾ªç¯å¼‚å¸¸: 'NoneType' object has no attribute 'time'
2025-10-18 17:47:18 - system - ERROR - ç›‘æ§å¾ªç¯å¼‚å¸¸: 'NoneType' object has no attribute 'time'
2025-10-18 17:47:18 - system - ERROR - ç›‘æ§å¾ªç¯å¼‚å¸¸: 'NoneType' object has no attribute 'time'
2025-10-18 17:47:18 - system - ERROR - ç›‘æ§å¾ªç¯å¼‚å¸¸: 'NoneType' object has no attribute 'time'
2025-10-18 17:47:19 - system - ERROR - ç›‘æ§å¾ªç¯å¼‚å¸¸: 'NoneType' object has no attribute 'time'
2025-10-18 17:47:19 - system - ERROR - ç›‘æ§å¾ªç¯å¼‚å¸¸: 'NoneType' object has no attribute 'time'
2025-10-18 17:47:19 - system - ERROR - ç›‘æ§å¾ªç¯å¼‚å¸¸: 'NoneType' object has no attribute 'time'
2025-10-18 17:47:19 - system - ERROR - ç›‘æ§å¾ªç¯å¼‚å¸¸: 'NoneType' object has no attribute 'time'
2025-10-18 17:47:20 - system - ERROR - ç›‘æ§å¾ªç¯å¼‚å¸¸: 'NoneType' object has no attribute 'time'
2025-10-18 17:47:20 - system - ERROR - ç›‘æ§å¾ªç¯å¼‚å¸¸: 'NoneType' object has no attribute 'time'
2025-10-18 17:47:20 - system - ERROR - ç›‘æ§å¾ªç¯å¼‚å¸¸: 'NoneType' object has no attribute 'time'
2025-10-18 17:47:20 - system - ERROR - ç›‘æ§å¾ªç¯å¼‚å¸¸: 'NoneType' object has no attribute 'time'
2025-10-18 17:47:21 - system - ERROR - ç›‘æ§å¾ªç¯å¼‚å¸¸: 'NoneType' object has no attribute 'time'
2025-10-18 17:47:21 - system - ERROR - ç›‘æ§å¾ªç¯å¼‚å¸¸: 'NoneType' object has no attribute 'time'
2025-10-18 17:47:21 - system - ERROR - ç›‘æ§å¾ªç¯å¼‚å¸¸: 'NoneType' object has no attribute 'time'
2025-10-18 17:47:21 - system - ERROR - ç›‘æ§å¾ªç¯å¼‚å¸¸: 'NoneType' object has no attribute 'time'
2025-10-18 17:47:22 - system - ERROR - ç›‘æ§å¾ªç¯å¼‚å¸¸: 'NoneType' object has no attribute 'time'
2025-10-18 17:47:22 - system - ERROR - ç›‘æ§å¾ªç¯å¼‚å¸¸: 'NoneType' object has no attribute 'time'
2025-10-18 17:47:22 - system - ERROR - ç›‘æ§å¾ªç¯å¼‚å¸¸: 'NoneType' object has no attribute 'time'
2025-10-18 17:47:22 - system - ERROR - ç›‘æ§å¾ªç¯å¼‚å¸¸: 'NoneType' object has no attribute 'time'
2025-10-18 17:47:23 - system - ERROR - ç›‘æ§å¾ªç¯å¼‚å¸¸: 'NoneType' object has no attribute 'time'
2025-10-18 17:47:23 - system - ERROR - ç›‘æ§å¾ªç¯å¼‚å¸¸: 'NoneType' object has no attribute 'time'
2025-10-18 17:47:23 - system - ERROR - ç›‘æ§å¾ªç¯å¼‚å¸¸: 'NoneType' object has no attribute 'time'
2025-10-18 17:47:23 - system - ERROR - ç›‘æ§å¾ªç¯å¼‚å¸¸: 'NoneType' object has no attribute 'time'
2025-10-18 17:47:24 - system - ERROR - ç›‘æ§å¾ªç¯å¼‚å¸¸: 'NoneType' object has no attribute 'time'
2025-10-18 17:47:24 - system - ERROR - ç›‘æ§å¾ªç¯å¼‚å¸¸: 'NoneType' object has no attribute 'time'
2025-10-18 17:47:24 - system - ERROR - ç›‘æ§å¾ªç¯å¼‚å¸¸: 'NoneType' object has no attribute 'time'
2025-10-18 17:47:24 - system - ERROR - ç›‘æ§å¾ªç¯å¼‚å¸¸: 'NoneType' object has no attribute 'time'
2025-10-18 17:47:25 - system - ERROR - ç›‘æ§å¾ªç¯å¼‚å¸¸: 'NoneType' object has no attribute 'time'
2025-10-18 17:47:25 - system - ERROR - ç›‘æ§å¾ªç¯å¼‚å¸¸: 'NoneType' object has no attribute 'time'
2025-10-18 17:47:25 - system - ERROR - ç›‘æ§å¾ªç¯å¼‚å¸¸: 'NoneType' object has no attribute 'time'
2025-10-18 17:47:25 - system - ERROR - ç›‘æ§å¾ªç¯å¼‚å¸¸: 'NoneType' object has no attribute 'time'
2025-10-18 17:47:26 - system - ERROR - ç›‘æ§å¾ªç¯å¼‚å¸¸: 'NoneType' object has no attribute 'time'
2025-10-18 17:47:26 - system - ERROR - ç›‘æ§å¾ªç¯å¼‚å¸¸: 'NoneType' object has no attribute 'time'
2025-10-18 17:47:26 - system - ERROR - ç›‘æ§å¾ªç¯å¼‚å¸¸: 'NoneType' object has no attribute 'time'
2025-10-18 17:47:26 - system - ERROR - ç›‘æ§å¾ªç¯å¼‚å¸¸: 'NoneType' object has no attribute 'time'
2025-10-18 17:47:27 - system - ERROR - ç›‘æ§å¾ªç¯å¼‚å¸¸: 'NoneType' object has no attribute 'time'
2025-10-18 17:47:27 - system - ERROR - ç›‘æ§å¾ªç¯å¼‚å¸¸: 'NoneType' object has no attribute 'time'
2025-10-18 17:47:27 - system - ERROR - ç›‘æ§å¾ªç¯å¼‚å¸¸: 'NoneType' object has no attribute 'time'
2025-10-18 17:47:27 - system - ERROR - ç›‘æ§å¾ªç¯å¼‚å¸¸: 'NoneType' object has no attribute 'time'
2025-10-18 17:47:28 - system - ERROR - ç›‘æ§å¾ªç¯å¼‚å¸¸: 'NoneType' object has no attribute 'time'
2025-10-18 17:47:28 - system - ERROR - ç›‘æ§å¾ªç¯å¼‚å¸¸: 'NoneType' object has no attribute 'time'
2025-10-18 17:47:28 - system - ERROR - ç›‘æ§å¾ªç¯å¼‚å¸¸: 'NoneType' object has no attribute 'time'
2025-10-18 17:47:28 - system - ERROR - ç›‘æ§å¾ªç¯å¼‚å¸¸: 'NoneType' object has no attribute 'time'
2025-10-18 17:47:29 - system - ERROR - ç›‘æ§å¾ªç¯å¼‚å¸¸: 'NoneType' object has no attribute 'time'
2025-10-18 17:47:29 - system - ERROR - ç›‘æ§å¾ªç¯å¼‚å¸¸: 'NoneType' object has no attribute 'time'
2025-10-18 17:47:29 - system - ERROR - ç›‘æ§å¾ªç¯å¼‚å¸¸: 'NoneType' object has no attribute 'time'
2025-10-18 17:47:29 - system - ERROR - ç›‘æ§å¾ªç¯å¼‚å¸¸: 'NoneType' object has no attribute 'time'
2025-10-18 17:47:30 - system - ERROR - ç›‘æ§å¾ªç¯å¼‚å¸¸: 'NoneType' object has no attribute 'time'
2025-10-18 17:47:30 - system - ERROR - ç›‘æ§å¾ªç¯å¼‚å¸¸: 'NoneType' object has no attribute 'time'
2025-10-18 17:47:30 - system - ERROR - ç›‘æ§å¾ªç¯å¼‚å¸¸: 'NoneType' object has no attribute 'time'
2025-10-18 17:47:30 - system - ERROR - ç›‘æ§å¾ªç¯å¼‚å¸¸: 'NoneType' object has no attribute 'time'
2025-10-18 17:47:31 - system - ERROR - ç›‘æ§å¾ªç¯å¼‚å¸¸: 'NoneType' object has no attribute 'time'
2025-10-18 17:47:31 - system - ERROR - ç›‘æ§å¾ªç¯å¼‚å¸¸: 'NoneType' object has no attribute 'time'
2025-10-18 17:47:31 - system - ERROR - ç›‘æ§å¾ªç¯å¼‚å¸¸: 'NoneType' object has no attribute 'time'
2025-10-18 17:47:31 - system - ERROR - ç›‘æ§å¾ªç¯å¼‚å¸¸: 'NoneType' object has no attribute 'time'
2025-10-18 17:47:32 - system - ERROR - ç›‘æ§å¾ªç¯å¼‚å¸¸: 'NoneType' object has no attribute 'time'
2025-10-18 17:47:32 - system - ERROR - ç›‘æ§å¾ªç¯å¼‚å¸¸: 'NoneType' object has no attribute 'time'
2025-10-18 17:47:32 - system - ERROR - ç›‘æ§å¾ªç¯å¼‚å¸¸: 'NoneType' object has no attribute 'time'
2025-10-18 17:47:32 - system - ERROR - ç›‘æ§å¾ªç¯å¼‚å¸¸: 'NoneType' object has no attribute 'time'
2025-10-18 17:47:33 - system - ERROR - ç›‘æ§å¾ªç¯å¼‚å¸¸: 'NoneType' object has no attribute 'time'
2025-10-18 17:47:33 - system - ERROR - ç›‘æ§å¾ªç¯å¼‚å¸¸: 'NoneType' object has no attribute 'time'
2025-10-18 17:47:33 - system - ERROR - ç›‘æ§å¾ªç¯å¼‚å¸¸: 'NoneType' object has no attribute 'time'
2025-10-18 17:47:33 - system - ERROR - ç›‘æ§å¾ªç¯å¼‚å¸¸: 'NoneType' object has no attribute 'time'
2025-10-18 17:47:34 - system - ERROR - ç›‘æ§å¾ªç¯å¼‚å¸¸: 'NoneType' object has no attribute 'time'
2025-10-18 17:47:34 - system - ERROR - ç›‘æ§å¾ªç¯å¼‚å¸¸: 'NoneType' object has no attribute 'time'
2025-10-18 17:47:34 - system - ERROR - ç›‘æ§å¾ªç¯å¼‚å¸¸: 'NoneType' object has no attribute 'time'
2025-10-18 17:47:34 - system - ERROR - ç›‘æ§å¾ªç¯å¼‚å¸¸: 'NoneType' object has no attribute 'time'
2025-10-18 17:47:35 - system - ERROR - ç›‘æ§å¾ªç¯å¼‚å¸¸: 'NoneType' object has no attribute 'time'
2025-10-18 17:47:35 - system - ERROR - ç›‘æ§å¾ªç¯å¼‚å¸¸: 'NoneType' object has no attribute 'time'
2025-10-18 17:47:35 - system - ERROR - ç›‘æ§å¾ªç¯å¼‚å¸¸: 'NoneType' object has no attribute 'time'
2025-10-18 17:47:35 - system - ERROR - ç›‘æ§å¾ªç¯å¼‚å¸¸: 'NoneType' object has no attribute 'time'
2025-10-18 17:47:36 - system - ERROR - ç›‘æ§å¾ªç¯å¼‚å¸¸: 'NoneType' object has no attribute 'time'
2025-10-18 17:47:36 - system - ERROR - ç›‘æ§å¾ªç¯å¼‚å¸¸: 'NoneType' object has no attribute 'time'
2025-10-18 17:47:36 - system - ERROR - ç›‘æ§å¾ªç¯å¼‚å¸¸: 'NoneType' object has no attribute 'time'
2025-10-18 17:47:36 - system - ERROR - ç›‘æ§å¾ªç¯å¼‚å¸¸: 'NoneType' object has no attribute 'time'
2025-10-18 17:47:37 - system - ERROR - ç›‘æ§å¾ªç¯å¼‚å¸¸: 'NoneType' object has no attribute 'time'
2025-10-18 17:47:37 - system - ERROR - ç›‘æ§å¾ªç¯å¼‚å¸¸: 'NoneType' object has no attribute 'time'
2025-10-18 17:47:37 - system - ERROR - ç›‘æ§å¾ªç¯å¼‚å¸¸: 'NoneType' object has no attribute 'time'
2025-10-18 17:47:37 - system - ERROR - ç›‘æ§å¾ªç¯å¼‚å¸¸: 'NoneType' object has no attribute 'time'
2025-10-18 17:47:38 - system - ERROR - ç›‘æ§å¾ªç¯å¼‚å¸¸: 'NoneType' object has no attribute 'time'
2025-10-18 17:47:38 - system - ERROR - ç›‘æ§å¾ªç¯å¼‚å¸¸: 'NoneType' object has no attribute 'time'
2025-10-18 17:47:38 - system - ERROR - ç›‘æ§å¾ªç¯å¼‚å¸¸: 'NoneType' object has no attribute 'time'
2025-10-18 17:47:38 - system - ERROR - ç›‘æ§å¾ªç¯å¼‚å¸¸: 'NoneType' object has no attribute 'time'
2025-10-18 17:47:39 - system - ERROR - ç›‘æ§å¾ªç¯å¼‚å¸¸: 'NoneType' object has no attribute 'time'
2025-10-18 17:47:39 - system - ERROR - ç›‘æ§å¾ªç¯å¼‚å¸¸: 'NoneType' object has no attribute 'time'
2025-10-18 17:47:39 - system - ERROR - ç›‘æ§å¾ªç¯å¼‚å¸¸: 'NoneType' object has no attribute 'time'
2025-10-18 17:47:39 - system - ERROR - ç›‘æ§å¾ªç¯å¼‚å¸¸: 'NoneType' object has no attribute 'time'
2025-10-18 17:47:39 - system - INFO - æ¥æ”¶åˆ°ä¿¡å· 2, å¼€å§‹ä¼˜é›…å…³é—­...
2025-10-18 17:47:39 - system - INFO - åœæ­¢è®¢å•ç›‘æ§ç³»ç»Ÿ...
2025-10-18 17:47:39 - system - INFO - ç³»ç»Ÿç›‘æ§åœæ­¢
2025-10-18 17:47:39 - system - INFO - åœæ­¢ç›‘æ§å¼•æ“...
2025-10-18 17:47:39 - system - INFO - åœæ­¢è®¢å•ç›‘æ§å¼•æ“
2025-10-18 17:47:39 - system - INFO - åœæ­¢å·¥ä½œè¿›ç¨‹: worker_0_cf9746c5 (PID: 30824)
2025-10-18 17:47:39 - system - INFO - å·¥ä½œè¿›ç¨‹ worker_2_523e8b15 æ”¶åˆ°ä¿¡å· 2ï¼Œå‡†å¤‡é€€å‡º
2025-10-18 17:47:39 - system - INFO - å·¥ä½œè¿›ç¨‹ worker_3_2d965a62 æ”¶åˆ°ä¿¡å· 2ï¼Œå‡†å¤‡é€€å‡º
2025-10-18 17:47:39 - system - INFO - å·¥ä½œè¿›ç¨‹ worker_1_6730a277 æ”¶åˆ°ä¿¡å· 2ï¼Œå‡†å¤‡é€€å‡º
2025-10-18 17:47:39 - system - INFO - åœæ­¢å·¥ä½œè¿›ç¨‹: worker_1_6730a277 (PID: 16232)
2025-10-18 17:47:39 - system - INFO - åœæ­¢å·¥ä½œè¿›ç¨‹: worker_2_523e8b15 (PID: 35752)
2025-10-18 17:47:39 - system - INFO - åœæ­¢å·¥ä½œè¿›ç¨‹: worker_3_2d965a62 (PID: 17896)
2025-10-18 17:47:44 - system - INFO - ç›‘æ§å¼•æ“å·²åœæ­¢
2025-10-18 17:47:44 - system - INFO - åœæ­¢äº‹ä»¶ç›‘æ§å™¨...
2025-10-18 17:47:44 - system - INFO - äº‹ä»¶ç›‘æ§å™¨å·²åœæ­¢
2025-10-18 17:47:44 - system - INFO - åœæ­¢çŠ¶æ€ç›‘æ§å™¨...
2025-10-18 17:47:47 - system - INFO - çŠ¶æ€ç›‘æ§å™¨å·²åœæ­¢
2025-10-18 17:47:47 - system - INFO - åœæ­¢æ—¥å¿—æ¸…ç†è°ƒåº¦å™¨...
2025-10-18 17:47:47 - system - INFO - æ—¥å¿—æ¸…ç†è°ƒåº¦å™¨å·²åœæ­¢
2025-10-18 17:47:47 - system - INFO - å…³é—­æ•°æ®åº“è¿æ¥æ± ...
2025-10-18 17:47:47 - system - INFO - å…³é—­Redisè¿æ¥æ± ...
2025-10-18 17:47:47 - system - INFO - è®¢å•ç›‘æ§ç³»ç»Ÿå·²åœæ­¢
